State 8 conflicts: 1 shift/reduce
State 10 conflicts: 1 shift/reduce


Grammar

    0 $accept: e $end

    1 e: e '|' e
    2  | e '*'
    3  | '(' e ')'
    4  | e e
    5  | SYMB


Terminals, with rules where they appear

$end (0) 0
'(' (40) 3
')' (41) 3
'*' (42) 2
'|' (124) 1
error (256)
SYMB (258) 5
CONCAT (259)


Nonterminals, with rules where they appear

$accept (9)
    on left: 0
e (10)
    on left: 1 2 3 4 5, on right: 0 1 2 3 4


state 0

    0 $accept: . e $end

    SYMB  shift, and go to state 1
    '('   shift, and go to state 2

    e  go to state 3


state 1

    5 e: SYMB .

    $default  reduce using rule 5 (e)


state 2

    3 e: '(' . e ')'

    SYMB  shift, and go to state 1
    '('   shift, and go to state 2

    e  go to state 4


state 3

    0 $accept: e . $end
    1 e: e . '|' e
    2  | e . '*'
    4  | e . e

    $end  shift, and go to state 5
    SYMB  shift, and go to state 1
    '|'   shift, and go to state 6
    '*'   shift, and go to state 7
    '('   shift, and go to state 2

    e  go to state 8


state 4

    1 e: e . '|' e
    2  | e . '*'
    3  | '(' e . ')'
    4  | e . e

    SYMB  shift, and go to state 1
    '|'   shift, and go to state 6
    '*'   shift, and go to state 7
    '('   shift, and go to state 2
    ')'   shift, and go to state 9

    e  go to state 8


state 5

    0 $accept: e $end .

    $default  accept


state 6

    1 e: e '|' . e

    SYMB  shift, and go to state 1
    '('   shift, and go to state 2

    e  go to state 10


state 7

    2 e: e '*' .

    $default  reduce using rule 2 (e)


state 8

    1 e: e . '|' e
    2  | e . '*'
    4  | e . e
    4  | e e .

    '*'  shift, and go to state 7
    '('  shift, and go to state 2

    '('       [reduce using rule 4 (e)]
    $default  reduce using rule 4 (e)

    e  go to state 8


state 9

    3 e: '(' e ')' .

    $default  reduce using rule 3 (e)


state 10

    1 e: e . '|' e
    1  | e '|' e .
    2  | e . '*'
    4  | e . e

    SYMB  shift, and go to state 1
    '*'   shift, and go to state 7
    '('   shift, and go to state 2

    '('       [reduce using rule 1 (e)]
    $default  reduce using rule 1 (e)

    e  go to state 8
